

*******************************************************************************
Tue Mar 18 23:03:15 2025


FIT:    data read from 'AATmaglimit.dat'
        format = z
        x range restricted to [20.0000 : 28.0000]
        #datapoints = 10
        residuals are weighted equally (unit weight)

function used for fitting: f(x) [20:28]
	f(x)=1.0+a*x+b*x**2
fitted parameters initialized with current variable values



*******************************************************************************
Tue Mar 18 23:03:52 2025


FIT:    data read from 'AATmaglimit.dat'
        format = z
        x range restricted to [20.0000 : 28.0000]
        #datapoints = 10
        residuals are weighted equally (unit weight)

function used for fitting: f(x)
	f(x)=1.0+a*x+b*x**2
fitted parameters initialized with current variable values

iter      chisq       delta/lim  lambda   a             b            
   0 2.7422704921e+06   0.00e+00  3.55e+02    1.000000e+00   1.000000e+00
   6 8.7545777563e-02  -3.58e-07  3.55e-04    1.188675e-01  -5.665567e-03

After 6 iterations the fit converged.
final sum of squares of residuals : 0.0875458
rel. change during last iteration : -3.5843e-12

degrees of freedom    (FIT_NDF)                        : 8
rms of residuals      (FIT_STDFIT) = sqrt(WSSR/ndf)    : 0.10461
variance of residuals (reduced chisquare) = WSSR/ndf   : 0.0109432

Final set of parameters            Asymptotic Standard Error
=======================            ==========================
a               = 0.118868         +/- 0.02338      (19.67%)
b               = -0.00566557      +/- 0.00104      (18.36%)

correlation matrix of the fit parameters:
                a      b      
a               1.000 
b              -0.998  1.000 


*******************************************************************************
Tue Mar 18 23:04:25 2025


FIT:    data read from 'AATmaglimit.dat'
        format = z
        x range restricted to [20.0000 : 25.0000]
        #datapoints = 10
        residuals are weighted equally (unit weight)

function used for fitting: f(x)
	f(x)=1.0+a*x+b*x**2
fitted parameters initialized with current variable values

iter      chisq       delta/lim  lambda   a             b            
   0 8.7545777563e-02   0.00e+00  2.75e+00    1.188675e-01  -5.665567e-03
   1 8.7545777563e-02   0.00e+00  2.75e+01    1.188675e-01  -5.665567e-03

After 1 iterations the fit converged.
final sum of squares of residuals : 0.0875458
rel. change during last iteration : 0

degrees of freedom    (FIT_NDF)                        : 8
rms of residuals      (FIT_STDFIT) = sqrt(WSSR/ndf)    : 0.10461
variance of residuals (reduced chisquare) = WSSR/ndf   : 0.0109432

Final set of parameters            Asymptotic Standard Error
=======================            ==========================
a               = 0.118868         +/- 0.02338      (19.67%)
b               = -0.00566557      +/- 0.00104      (18.36%)

correlation matrix of the fit parameters:
                a      b      
a               1.000 
b              -0.998  1.000 


*******************************************************************************
Tue Mar 18 23:04:53 2025


FIT:    data read from 'AATmaglimit.dat'
        format = z
        x range restricted to [20.0000 : 28.0000]
        #datapoints = 10
        residuals are weighted equally (unit weight)

function used for fitting: f(x)
	f(x)=1.0+a*x+b*x**2+c*x**3
fitted parameters initialized with current variable values

iter      chisq       delta/lim  lambda   a             b             c            
   0 1.2897183251e+09   0.00e+00  6.56e+03    1.188675e-01  -5.665567e-03   1.000000e+00
   9 1.4966318226e-02  -5.93e-02  6.56e-06   -9.306335e-01   8.875417e-02  -2.114922e-03

After 9 iterations the fit converged.
final sum of squares of residuals : 0.0149663
rel. change during last iteration : -5.93059e-07

degrees of freedom    (FIT_NDF)                        : 7
rms of residuals      (FIT_STDFIT) = sqrt(WSSR/ndf)    : 0.046239
variance of residuals (reduced chisquare) = WSSR/ndf   : 0.00213805

Final set of parameters            Asymptotic Standard Error
=======================            ==========================
a               = -0.930634        +/- 0.1804       (19.39%)
b               = 0.0887542        +/- 0.01621      (18.27%)
c               = -0.00211492      +/- 0.000363     (17.16%)

correlation matrix of the fit parameters:
                a      b      c      
a               1.000 
b              -1.000  1.000 
c               0.998 -1.000  1.000 


*******************************************************************************
Tue Mar 18 23:06:42 2025


FIT:    data read from 'AATmaglimit.dat'
        format = z
        x range restricted to [20.0000 : 28.0000]
        #datapoints = 10
        residuals are weighted equally (unit weight)

function used for fitting: f(x)
	f(x)=1.0+a*x+b*x**2+c*x**3+d*x**4
fitted parameters initialized with current variable values

iter      chisq       delta/lim  lambda   a             b             c             d            
   0 6.7204623601e+11   0.00e+00  1.30e+05   -9.306335e-01   8.875417e-02  -2.114922e-03   1.000000e+00
  11 5.3080683363e-03  -1.27e-03  1.30e-06    6.084154e+00  -8.598644e-01   4.054005e-02  -6.377653e-04

After 11 iterations the fit converged.
final sum of squares of residuals : 0.00530807
rel. change during last iteration : -1.26574e-08

degrees of freedom    (FIT_NDF)                        : 6
rms of residuals      (FIT_STDFIT) = sqrt(WSSR/ndf)    : 0.0297435
variance of residuals (reduced chisquare) = WSSR/ndf   : 0.000884678

Final set of parameters            Asymptotic Standard Error
=======================            ==========================
a               = 6.08415          +/- 2.126        (34.95%)
b               = -0.859864        +/- 0.2873       (33.41%)
c               = 0.0405401        +/- 0.01291      (31.85%)
d               = -0.000637765     +/- 0.000193     (30.27%)

correlation matrix of the fit parameters:
                a      b      c      d      
a               1.000 
b              -1.000  1.000 
c               0.999 -1.000  1.000 
d              -0.999  0.999 -1.000  1.000 


*******************************************************************************
Tue Mar 18 23:07:43 2025


FIT:    data read from 'AATmaglimit_v2.dat'
        format = z
        x range restricted to [20.0000 : 28.0000]
        #datapoints = 9
        residuals are weighted equally (unit weight)

function used for fitting: f(x)
	f(x)=1.0+a*x+b*x**2+c*x**3+d*x**4
fitted parameters initialized with current variable values

iter      chisq       delta/lim  lambda   a             b             c             d            
   0 4.5041361548e-03   0.00e+00  3.22e+02    6.084154e+00  -8.598644e-01   4.054005e-02  -6.377653e-04
   8 3.3038016963e-04  -3.35e-07  3.22e-06    8.718843e-01  -1.406266e-01   7.519115e-03  -1.333653e-04

After 8 iterations the fit converged.
final sum of squares of residuals : 0.00033038
rel. change during last iteration : -3.35273e-12

degrees of freedom    (FIT_NDF)                        : 5
rms of residuals      (FIT_STDFIT) = sqrt(WSSR/ndf)    : 0.00812872
variance of residuals (reduced chisquare) = WSSR/ndf   : 6.6076e-05

Final set of parameters            Asymptotic Standard Error
=======================            ==========================
a               = 0.871884         +/- 0.8356       (95.84%)
b               = -0.140627        +/- 0.1142       (81.18%)
c               = 0.00751911       +/- 0.005189     (69.01%)
d               = -0.000133365     +/- 7.849e-05    (58.85%)

correlation matrix of the fit parameters:
                a      b      c      d      
a               1.000 
b              -1.000  1.000 
c               0.999 -1.000  1.000 
d              -0.999  0.999 -1.000  1.000 
